Shape of X_test after Lasso =  (208, 23)
Shape of X_train after Lasso =  (254, 23)
Shape of y after Lasso =  (208,)
number of positive_train =  86
number of negative_train =  168
number of positive_test =  75
number of negative_test =  133
range(3, 23)
---------------------------------------- AdaBoost --------------------------------------------------
---------------------------------------- f_test --------------------------------------------------
Best number of feautures for AdaBoostClassifier with f_test: 20 features using smote with AUC score in CV: 0.836660724896019 +- 0.04959115120546722 
AUC score on Validation dataset for the best scored trained model for AdaBoostClassifier : 0.7164411027568922
---------------------------------------- mutual_info --------------------------------------------------
Best number of feautures for AdaBoostClassifier with mutual_info: 19 features using smote with AUC score in CV: 0.8648247177658941 +- 0.03390611952396868 
AUC score on Validation dataset for the best scored trained model for AdaBoostClassifier : 0.6880701754385965
---------------------------------------- reliefF --------------------------------------------------
Best number of feautures for AdaBoostClassifier with reliefF: 20 features using smote with AUC score in CV: 0.8453654188948306 +- 0.04024140663290536 
AUC score on Validation dataset for the best scored trained model for AdaBoostClassifier : 0.6880701754385965
---------------------------------------- surf --------------------------------------------------
Best number of feautures for AdaBoostClassifier with surf: 22 features using smote with AUC score in CV: 0.8477421271538919 +- 0.03503378019847398 
AUC score on Validation dataset for the best scored trained model for AdaBoostClassifier : 0.6947368421052632
---------------------------------------- multisurf --------------------------------------------------
Best number of feautures for AdaBoostClassifier with multisurf: 22 features using smote with AUC score in CV: 0.8400772430184196 +- 0.0561599961696779 
AUC score on Validation dataset for the best scored trained model for AdaBoostClassifier : 0.6814035087719298
                   Selection Method  n_features  ...    auc_cv  std_auc_cv
Model                                            ...                      
AdaBoostClassifier           f_test          20  ...  0.836661    0.049591
AdaBoostClassifier      mutual_info          19  ...  0.864825    0.033906
AdaBoostClassifier          reliefF          20  ...  0.845365    0.040241
AdaBoostClassifier             surf          22  ...  0.847742    0.035034
AdaBoostClassifier        multisurf          22  ...  0.840077    0.056160

[5 rows x 15 columns]
---------------------------------------- XGBoost --------------------------------------------------
---------------------------------------- f_test --------------------------------------------------
Best number of feautures for XGBClassifier with f_test: 22 features using smote with AUC score in CV: 0.8418597742127154 +- 0.027315283233040256 
AUC score on Validation dataset for the best scored trained model for XGBClassifier : 0.7126817042606515
---------------------------------------- mutual_info --------------------------------------------------
Best number of feautures for XGBClassifier with mutual_info: 21 features using smote with AUC score in CV: 0.8543077837195485 +- 0.018789387658924437 
AUC score on Validation dataset for the best scored trained model for XGBClassifier : 0.6972932330827067
---------------------------------------- reliefF --------------------------------------------------
Best number of feautures for XGBClassifier with reliefF: 22 features using smote with AUC score in CV: 0.8453060011883542 +- 0.03365379765357917 
AUC score on Validation dataset for the best scored trained model for XGBClassifier : 0.7231077694235589
---------------------------------------- surf --------------------------------------------------
Best number of feautures for XGBClassifier with surf: 21 features using smote with AUC score in CV: 0.8477421271538919 +- 0.02631741622398023 
AUC score on Validation dataset for the best scored trained model for XGBClassifier : 0.6943859649122807
---------------------------------------- multisurf --------------------------------------------------
Best number of feautures for XGBClassifier with multisurf: 22 features using smote with AUC score in CV: 0.8549613784907901 +- 0.0476563343887725 
AUC score on Validation dataset for the best scored trained model for XGBClassifier : 0.7164411027568922
              Selection Method  n_features  ...    auc_cv  std_auc_cv
Model                                       ...                      
XGBClassifier           f_test          22  ...  0.841860    0.027315
XGBClassifier      mutual_info          21  ...  0.854308    0.018789
XGBClassifier          reliefF          22  ...  0.845306    0.033654
XGBClassifier             surf          21  ...  0.847742    0.026317
XGBClassifier        multisurf          22  ...  0.854961    0.047656

[5 rows x 15 columns]
---------------------------------------- GradientBoosting --------------------------------------------------
---------------------------------------- f_test --------------------------------------------------
Best number of feautures for GradientBoostingClassifier with f_test: 22 features using smote with AUC score in CV: 0.8431075460487225 +- 0.0457724061772292 
AUC score on Validation dataset for the best scored trained model for GradientBoostingClassifier : 0.6914786967418546
---------------------------------------- mutual_info --------------------------------------------------
Best number of feautures for GradientBoostingClassifier with mutual_info: 22 features using smote with AUC score in CV: 0.8343731431966728 +- 0.05287374678101982 
AUC score on Validation dataset for the best scored trained model for GradientBoostingClassifier : 0.6831077694235589
---------------------------------------- reliefF --------------------------------------------------
Best number of feautures for GradientBoostingClassifier with reliefF: 19 features using smote with AUC score in CV: 0.8453951277480689 +- 0.033503815949294045 
AUC score on Validation dataset for the best scored trained model for GradientBoostingClassifier : 0.704812030075188
---------------------------------------- surf --------------------------------------------------
Best number of feautures for GradientBoostingClassifier with surf: 13 features using smote with AUC score in CV: 0.828134284016637 +- 0.03328386130114311 
AUC score on Validation dataset for the best scored trained model for GradientBoostingClassifier : 0.7294235588972431
---------------------------------------- multisurf --------------------------------------------------
Best number of feautures for GradientBoostingClassifier with multisurf: 22 features using smote with AUC score in CV: 0.840255496137849 +- 0.043566247971267145 
AUC score on Validation dataset for the best scored trained model for GradientBoostingClassifier : 0.6743859649122808
                           Selection Method  n_features  ...    auc_cv  std_auc_cv
Model                                                    ...                      
GradientBoostingClassifier           f_test          22  ...  0.843108    0.045772
GradientBoostingClassifier      mutual_info          22  ...  0.834373    0.052874
GradientBoostingClassifier          reliefF          19  ...  0.845395    0.033504
GradientBoostingClassifier             surf          13  ...  0.828134    0.033284
GradientBoostingClassifier        multisurf          22  ...  0.840255    0.043566

[5 rows x 15 columns]
---------------------------------------- Logistic --------------------------------------------------
---------------------------------------- f_test --------------------------------------------------
Best number of feautures for LogisticRegression with f_test: 22 features using smote with AUC score in CV: 0.8545454545454545 +- 0.035019593507395294 
AUC score on Validation dataset for the best scored trained model for LogisticRegression : 0.7205513784461153
---------------------------------------- mutual_info --------------------------------------------------
Best number of feautures for LogisticRegression with mutual_info: 22 features using smote with AUC score in CV: 0.8721033868092691 +- 0.044046919304808856 
AUC score on Validation dataset for the best scored trained model for LogisticRegression : 0.727218045112782
---------------------------------------- reliefF --------------------------------------------------
Best number of feautures for LogisticRegression with reliefF: 22 features using smote with AUC score in CV: 0.8545454545454545 +- 0.035019593507395294 
AUC score on Validation dataset for the best scored trained model for LogisticRegression : 0.7205513784461153
---------------------------------------- surf --------------------------------------------------
Best number of feautures for LogisticRegression with surf: 21 features using smote with AUC score in CV: 0.8753119429590018 +- 0.028643340622122104 
AUC score on Validation dataset for the best scored trained model for LogisticRegression : 0.7251629072681705
---------------------------------------- multisurf --------------------------------------------------
