Shape of X_test after Lasso =  (208, 40)
Shape of X_train after Lasso =  (251, 40)
Shape of y after Lasso =  (208,)
number of positive_train =  85
number of negative_train =  166
number of positive_test =  75
number of negative_test =  133
range(3, 40)
---------------------------------------- SVC --------------------------------------------------
---------------------------------------- f_test --------------------------------------------------
Best number of feautures for SVC with f_test: 39 features with AUC score in CV: 0.7929590017825312 +- 0.04892682841921455 
AUC score on Validation dataset for the best scored trained model for SVC : 0.6402005012531329
---------------------------------------- mutual_info --------------------------------------------------
Best number of feautures for SVC with mutual_info: 32 features with AUC score in CV: 0.8018716577540108 +- 0.011922988597640377 
AUC score on Validation dataset for the best scored trained model for SVC : 0.6260150375939849
---------------------------------------- reliefF --------------------------------------------------
Best number of feautures for SVC with reliefF: 37 features with AUC score in CV: 0.7959893048128343 +- 0.025538142210427755 
AUC score on Validation dataset for the best scored trained model for SVC : 0.6752380952380954
---------------------------------------- surf --------------------------------------------------
Best number of feautures for SVC with surf: 39 features with AUC score in CV: 0.7990196078431373 +- 0.05242278474075924 
AUC score on Validation dataset for the best scored trained model for SVC : 0.6268671679197996
---------------------------------------- multisurf --------------------------------------------------
Best number of feautures for SVC with multisurf: 36 features with AUC score in CV: 0.7932263814616756 +- 0.03588160467760753 
AUC score on Validation dataset for the best scored trained model for SVC : 0.6543859649122807
      Selection Method  n_features  accuracy  ...  auc_test    auc_cv  std_auc_cv
Model                                         ...                                
SVC             f_test          39  0.692308  ...  0.640201  0.792959    0.048927
SVC        mutual_info          32  0.677885  ...  0.626015  0.801872    0.011923
SVC            reliefF          37  0.725962  ...  0.675238  0.795989    0.025538
SVC               surf          39  0.682692  ...  0.626867  0.799020    0.052423
SVC          multisurf          36  0.706731  ...  0.654386  0.793226    0.035882

[5 rows x 14 columns]
Execution time: 83107.22904014587 seconds
